{"/home/travis/build/npmtest/node-npmtest-chai-http/test.js":{"path":"/home/travis/build/npmtest/node-npmtest-chai-http/test.js","s":{"1":2,"2":2,"3":2,"4":2,"5":2,"6":2,"7":2,"8":1,"9":2,"10":2,"11":1,"12":1,"13":1,"14":1,"15":2,"16":2,"17":2,"18":2,"19":1,"20":1,"21":2,"22":2,"23":2,"24":1,"25":1,"26":1,"27":1,"28":1,"29":1,"30":1,"31":1,"32":1,"33":1,"34":1,"35":1,"36":1,"37":1,"38":1,"39":2,"40":2,"41":1,"42":2,"43":2,"44":1,"45":2,"46":2,"47":1,"48":2,"49":2,"50":1,"51":1,"52":1,"53":1,"54":1},"b":{"1":[2,1,1,1],"2":[1,1,1,1],"3":[1,1],"4":[1,1],"5":[1,1],"6":[1,1],"7":[1,1],"8":[1,1],"9":[1,1],"10":[1,1,1],"11":[1,1],"12":[1,1],"13":[1,1],"14":[1,1],"15":[1,1],"16":[1,1],"17":[1,1]},"f":{"1":2,"2":2,"3":2,"4":2,"5":2,"6":1,"7":1,"8":1,"9":2,"10":2,"11":2,"12":2,"13":1},"fnMap":{"1":{"name":"(anonymous_1)","line":12,"loc":{"start":{"line":12,"column":1},"end":{"line":12,"column":13}}},"2":{"name":"(anonymous_2)","line":19,"loc":{"start":{"line":19,"column":5},"end":{"line":19,"column":17}}},"3":{"name":"(anonymous_3)","line":23,"loc":{"start":{"line":23,"column":24},"end":{"line":23,"column":36}}},"4":{"name":"(anonymous_4)","line":61,"loc":{"start":{"line":61,"column":5},"end":{"line":61,"column":17}}},"5":{"name":"(anonymous_5)","line":82,"loc":{"start":{"line":82,"column":5},"end":{"line":82,"column":17}}},"6":{"name":"(anonymous_6)","line":91,"loc":{"start":{"line":91,"column":77},"end":{"line":94,"column":10}}},"7":{"name":"(anonymous_7)","line":112,"loc":{"start":{"line":112,"column":83},"end":{"line":115,"column":10}},"skip":true},"8":{"name":"(anonymous_8)","line":123,"loc":{"start":{"line":123,"column":77},"end":{"line":126,"column":10}},"skip":true},"9":{"name":"(anonymous_9)","line":139,"loc":{"start":{"line":139,"column":12},"end":{"line":139,"column":40}},"skip":true},"10":{"name":"(anonymous_10)","line":147,"loc":{"start":{"line":147,"column":77},"end":{"line":150,"column":10}},"skip":true},"11":{"name":"(anonymous_11)","line":158,"loc":{"start":{"line":158,"column":83},"end":{"line":161,"column":10}},"skip":true},"12":{"name":"(anonymous_12)","line":169,"loc":{"start":{"line":169,"column":79},"end":{"line":172,"column":10}},"skip":true},"13":{"name":"(anonymous_13)","line":180,"loc":{"start":{"line":180,"column":75},"end":{"line":183,"column":10}},"skip":true}},"statementMap":{"1":{"start":{"line":12,"column":0},"end":{"line":195,"column":5}},"2":{"start":{"line":14,"column":4},"end":{"line":14,"column":14}},"3":{"start":{"line":19,"column":4},"end":{"line":56,"column":9}},"4":{"start":{"line":21,"column":8},"end":{"line":21,"column":19}},"5":{"start":{"line":23,"column":8},"end":{"line":35,"column":13}},"6":{"start":{"line":24,"column":12},"end":{"line":34,"column":13}},"7":{"start":{"line":25,"column":16},"end":{"line":28,"column":30}},"8":{"start":{"line":30,"column":16},"end":{"line":33,"column":27}},"9":{"start":{"line":37,"column":8},"end":{"line":39,"column":21}},"10":{"start":{"line":40,"column":8},"end":{"line":53,"column":9}},"11":{"start":{"line":43,"column":12},"end":{"line":46,"column":14}},"12":{"start":{"line":47,"column":12},"end":{"line":47,"column":18}},"13":{"start":{"line":50,"column":12},"end":{"line":51,"column":33}},"14":{"start":{"line":52,"column":12},"end":{"line":52,"column":18}},"15":{"start":{"line":55,"column":8},"end":{"line":55,"column":35}},"16":{"start":{"line":61,"column":4},"end":{"line":63,"column":9}},"17":{"start":{"line":62,"column":8},"end":{"line":62,"column":15}},"18":{"start":{"line":64,"column":4},"end":{"line":77,"column":5}},"19":{"start":{"line":70,"column":8},"end":{"line":70,"column":14}},"20":{"start":{"line":76,"column":8},"end":{"line":76,"column":14}},"21":{"start":{"line":82,"column":4},"end":{"line":84,"column":9}},"22":{"start":{"line":83,"column":8},"end":{"line":83,"column":15}},"23":{"start":{"line":85,"column":4},"end":{"line":194,"column":5}},"24":{"start":{"line":91,"column":8},"end":{"line":99,"column":10}},"25":{"start":{"line":98,"column":12},"end":{"line":98,"column":35}},"26":{"start":{"line":102,"column":8},"end":{"line":104,"column":63}},"27":{"start":{"line":105,"column":8},"end":{"line":105,"column":14}},"28":{"start":{"line":112,"column":8},"end":{"line":121,"column":10},"skip":true},"29":{"start":{"line":119,"column":12},"end":{"line":119,"column":55},"skip":true},"30":{"start":{"line":120,"column":12},"end":{"line":120,"column":48},"skip":true},"31":{"start":{"line":123,"column":8},"end":{"line":136,"column":10},"skip":true},"32":{"start":{"line":130,"column":12},"end":{"line":130,"column":76},"skip":true},"33":{"start":{"line":131,"column":12},"end":{"line":131,"column":73},"skip":true},"34":{"start":{"line":132,"column":12},"end":{"line":132,"column":74},"skip":true},"35":{"start":{"line":133,"column":12},"end":{"line":133,"column":79},"skip":true},"36":{"start":{"line":134,"column":12},"end":{"line":134,"column":25},"skip":true},"37":{"start":{"line":135,"column":12},"end":{"line":135,"column":45},"skip":true},"38":{"start":{"line":138,"column":8},"end":{"line":145,"column":14},"skip":true},"39":{"start":{"line":143,"column":16},"end":{"line":143,"column":29},"skip":true},"40":{"start":{"line":144,"column":16},"end":{"line":144,"column":55},"skip":true},"41":{"start":{"line":147,"column":8},"end":{"line":156,"column":10},"skip":true},"42":{"start":{"line":154,"column":12},"end":{"line":154,"column":25},"skip":true},"43":{"start":{"line":155,"column":12},"end":{"line":155,"column":45},"skip":true},"44":{"start":{"line":158,"column":8},"end":{"line":167,"column":10},"skip":true},"45":{"start":{"line":165,"column":12},"end":{"line":165,"column":25},"skip":true},"46":{"start":{"line":166,"column":12},"end":{"line":166,"column":48},"skip":true},"47":{"start":{"line":169,"column":8},"end":{"line":178,"column":10},"skip":true},"48":{"start":{"line":176,"column":12},"end":{"line":176,"column":25},"skip":true},"49":{"start":{"line":177,"column":12},"end":{"line":177,"column":46},"skip":true},"50":{"start":{"line":180,"column":8},"end":{"line":189,"column":10},"skip":true},"51":{"start":{"line":187,"column":12},"end":{"line":187,"column":94},"skip":true},"52":{"start":{"line":188,"column":12},"end":{"line":188,"column":48},"skip":true},"53":{"start":{"line":192,"column":8},"end":{"line":192,"column":35},"skip":true},"54":{"start":{"line":193,"column":8},"end":{"line":193,"column":14},"skip":true}},"branchMap":{"1":{"line":25,"type":"binary-expr","locations":[{"start":{"line":25,"column":23},"end":{"line":25,"column":62}},{"start":{"line":26,"column":20},"end":{"line":26,"column":70}},{"start":{"line":27,"column":20},"end":{"line":27,"column":71}},{"start":{"line":28,"column":20},"end":{"line":28,"column":29}}]},"2":{"line":30,"type":"binary-expr","locations":[{"start":{"line":30,"column":23},"end":{"line":30,"column":37}},{"start":{"line":31,"column":20},"end":{"line":31,"column":61}},{"start":{"line":32,"column":20},"end":{"line":32,"column":70}},{"start":{"line":33,"column":20},"end":{"line":33,"column":26}}]},"3":{"line":37,"type":"cond-expr","locations":[{"start":{"line":38,"column":14},"end":{"line":38,"column":20}},{"start":{"line":39,"column":14},"end":{"line":39,"column":20}}]},"4":{"line":40,"type":"switch","locations":[{"start":{"line":42,"column":8},"end":{"line":47,"column":18}},{"start":{"line":49,"column":8},"end":{"line":52,"column":18}}]},"5":{"line":44,"type":"binary-expr","locations":[{"start":{"line":44,"column":16},"end":{"line":44,"column":44}},{"start":{"line":44,"column":48},"end":{"line":44,"column":66}}]},"6":{"line":50,"type":"binary-expr","locations":[{"start":{"line":50,"column":21},"end":{"line":50,"column":49}},{"start":{"line":50,"column":53},"end":{"line":50,"column":72}}]},"7":{"line":64,"type":"switch","locations":[{"start":{"line":69,"column":4},"end":{"line":70,"column":14}},{"start":{"line":75,"column":4},"end":{"line":76,"column":14}}]},"8":{"line":85,"type":"switch","locations":[{"start":{"line":90,"column":4},"end":{"line":105,"column":14}},{"start":{"line":111,"column":4},"end":{"line":193,"column":14},"skip":true}]},"9":{"line":91,"type":"binary-expr","locations":[{"start":{"line":91,"column":42},"end":{"line":91,"column":73}},{"start":{"line":91,"column":77},"end":{"line":99,"column":9}}]},"10":{"line":102,"type":"binary-expr","locations":[{"start":{"line":102,"column":18},"end":{"line":102,"column":32}},{"start":{"line":103,"column":12},"end":{"line":103,"column":53}},{"start":{"line":104,"column":12},"end":{"line":104,"column":61}}]},"11":{"line":112,"type":"binary-expr","locations":[{"start":{"line":112,"column":45},"end":{"line":112,"column":79},"skip":true},{"start":{"line":112,"column":83},"end":{"line":121,"column":9},"skip":true}]},"12":{"line":123,"type":"binary-expr","locations":[{"start":{"line":123,"column":42},"end":{"line":123,"column":73},"skip":true},{"start":{"line":123,"column":77},"end":{"line":136,"column":9},"skip":true}]},"13":{"line":138,"type":"binary-expr","locations":[{"start":{"line":138,"column":48},"end":{"line":138,"column":85},"skip":true},{"start":{"line":139,"column":12},"end":{"line":145,"column":13},"skip":true}]},"14":{"line":147,"type":"binary-expr","locations":[{"start":{"line":147,"column":42},"end":{"line":147,"column":73},"skip":true},{"start":{"line":147,"column":77},"end":{"line":156,"column":9},"skip":true}]},"15":{"line":158,"type":"binary-expr","locations":[{"start":{"line":158,"column":45},"end":{"line":158,"column":79},"skip":true},{"start":{"line":158,"column":83},"end":{"line":167,"column":9},"skip":true}]},"16":{"line":169,"type":"binary-expr","locations":[{"start":{"line":169,"column":43},"end":{"line":169,"column":75},"skip":true},{"start":{"line":169,"column":79},"end":{"line":178,"column":9},"skip":true}]},"17":{"line":180,"type":"binary-expr","locations":[{"start":{"line":180,"column":41},"end":{"line":180,"column":71},"skip":true},{"start":{"line":180,"column":75},"end":{"line":189,"column":9},"skip":true}]}},"code":["/* istanbul instrument in package npmtest_chai_http */","/*jslint","    bitwise: true,","    browser: true,","    maxerr: 8,","    maxlen: 96,","    node: true,","    nomen: true,","    regexp: true,","    stupid: true","*/","(function () {","    'use strict';","    var local;","","","","    // run shared js-env code - init-before","    (function () {","        // init local","        local = {};","        // init modeJs","        local.modeJs = (function () {","            try {","                return typeof navigator.userAgent === 'string' &&","                    typeof document.querySelector('body') === 'object' &&","                    typeof XMLHttpRequest.prototype.open === 'function' &&","                    'browser';","            } catch (errorCaughtBrowser) {","                return module.exports &&","                    typeof process.versions.node === 'string' &&","                    typeof require('http').createServer === 'function' &&","                    'node';","            }","        }());","        // init global","        local.global = local.modeJs === 'browser'","            ? window","            : global;","        switch (local.modeJs) {","        // re-init local from window.local","        case 'browser':","            local = local.global.utility2.objectSetDefault(","                local.global.utility2_rollup || local.global.local,","                local.global.utility2","            );","            break;","        // re-init local from example.js","        case 'node':","            local = (local.global.utility2_rollup || require('utility2'))","                .requireReadme();","            break;","        }","        // export local","        local.global.local = local;","    }());","","","","    // run shared js-env code - function","    (function () {","        return;","    }());","    switch (local.modeJs) {","","","","    // run browser js-env code - function","    case 'browser':","        break;","","","","    // run node js-env code - function","    case 'node':","        break;","    }","","","","    // run shared js-env code - init-after","    (function () {","        return;","    }());","    switch (local.modeJs) {","","","","    // run browser js-env code - init-after","    case 'browser':","        local.testCase_browser_nullCase = local.testCase_browser_nullCase || function (","            options,","            onError","        ) {","        /*","         * this function will test browsers's null-case handling-behavior-behavior","         */","            onError(null, options);","        };","","        // run tests","        local.nop(local.modeTest &&","            document.querySelector('#testRunButton1') &&","            document.querySelector('#testRunButton1').click());","        break;","","","","    // run node js-env code - init-after","    /* istanbul ignore next */","    case 'node':","        local.testCase_buildApidoc_default = local.testCase_buildApidoc_default || function (","            options,","            onError","        ) {","        /*","         * this function will test buildApidoc's default handling-behavior-behavior","         */","            options = { modulePathList: module.paths };","            local.buildApidoc(options, onError);","        };","","        local.testCase_buildApp_default = local.testCase_buildApp_default || function (","            options,","            onError","        ) {","        /*","         * this function will test buildApp's default handling-behavior-behavior","         */","            local.testCase_buildReadme_default(options, local.onErrorThrow);","            local.testCase_buildLib_default(options, local.onErrorThrow);","            local.testCase_buildTest_default(options, local.onErrorThrow);","            local.testCase_buildCustomOrg_default(options, local.onErrorThrow);","            options = [];","            local.buildApp(options, onError);","        };","","        local.testCase_buildCustomOrg_default = local.testCase_buildCustomOrg_default ||","            function (options, onError) {","            /*","             * this function will test buildCustomOrg's default handling-behavior","             */","                options = {};","                local.buildCustomOrg(options, onError);","            };","","        local.testCase_buildLib_default = local.testCase_buildLib_default || function (","            options,","            onError","        ) {","        /*","         * this function will test buildLib's default handling-behavior","         */","            options = {};","            local.buildLib(options, onError);","        };","","        local.testCase_buildReadme_default = local.testCase_buildReadme_default || function (","            options,","            onError","        ) {","        /*","         * this function will test buildReadme's default handling-behavior-behavior","         */","            options = {};","            local.buildReadme(options, onError);","        };","","        local.testCase_buildTest_default = local.testCase_buildTest_default || function (","            options,","            onError","        ) {","        /*","         * this function will test buildTest's default handling-behavior","         */","            options = {};","            local.buildTest(options, onError);","        };","","        local.testCase_webpage_default = local.testCase_webpage_default || function (","            options,","            onError","        ) {","        /*","         * this function will test webpage's default handling-behavior","         */","            options = { modeCoverageMerge: true, url: local.serverLocalHost + '?modeTest=1' };","            local.browserTest(options, onError);","        };","","        // run test-server","        local.testRunServer(local);","        break;","    }","}());",""],"l":{"12":2,"14":2,"19":2,"21":2,"23":2,"24":2,"25":2,"30":1,"37":2,"40":2,"43":1,"47":1,"50":1,"52":1,"55":2,"61":2,"62":2,"64":2,"70":1,"76":1,"82":2,"83":2,"85":2,"91":1,"98":1,"102":1,"105":1,"112":1,"119":1,"120":1,"123":1,"130":1,"131":1,"132":1,"133":1,"134":1,"135":1,"138":1,"143":2,"144":2,"147":1,"154":2,"155":2,"158":1,"165":2,"166":2,"169":1,"176":2,"177":2,"180":1,"187":1,"188":1,"192":1,"193":1}},"/home/travis/build/npmtest/node-npmtest-chai-http/lib.npmtest_chai_http.js":{"path":"/home/travis/build/npmtest/node-npmtest-chai-http/lib.npmtest_chai_http.js","s":{"1":2,"2":2,"3":2,"4":2,"5":2,"6":2,"7":2,"8":1,"9":2,"10":2,"11":2,"12":2,"13":1,"14":1,"15":1,"16":1},"b":{"1":[2,1,1,1],"2":[1,1,1,1],"3":[1,1],"4":[2,2],"5":[1,1]},"f":{"1":2,"2":2,"3":2},"fnMap":{"1":{"name":"(anonymous_1)","line":12,"loc":{"start":{"line":12,"column":1},"end":{"line":12,"column":13}}},"2":{"name":"(anonymous_2)","line":19,"loc":{"start":{"line":19,"column":5},"end":{"line":19,"column":17}}},"3":{"name":"(anonymous_3)","line":23,"loc":{"start":{"line":23,"column":24},"end":{"line":23,"column":36}}}},"statementMap":{"1":{"start":{"line":12,"column":0},"end":{"line":53,"column":5}},"2":{"start":{"line":14,"column":4},"end":{"line":14,"column":14}},"3":{"start":{"line":19,"column":4},"end":{"line":52,"column":9}},"4":{"start":{"line":21,"column":8},"end":{"line":21,"column":19}},"5":{"start":{"line":23,"column":8},"end":{"line":35,"column":13}},"6":{"start":{"line":24,"column":12},"end":{"line":34,"column":13}},"7":{"start":{"line":25,"column":16},"end":{"line":28,"column":30}},"8":{"start":{"line":30,"column":16},"end":{"line":33,"column":27}},"9":{"start":{"line":37,"column":8},"end":{"line":39,"column":21}},"10":{"start":{"line":41,"column":8},"end":{"line":41,"column":54}},"11":{"start":{"line":43,"column":8},"end":{"line":43,"column":54}},"12":{"start":{"line":45,"column":8},"end":{"line":51,"column":9}},"13":{"start":{"line":46,"column":12},"end":{"line":46,"column":60}},"14":{"start":{"line":48,"column":12},"end":{"line":48,"column":35}},"15":{"start":{"line":49,"column":12},"end":{"line":49,"column":49}},"16":{"start":{"line":50,"column":12},"end":{"line":50,"column":43}}},"branchMap":{"1":{"line":25,"type":"binary-expr","locations":[{"start":{"line":25,"column":23},"end":{"line":25,"column":62}},{"start":{"line":26,"column":20},"end":{"line":26,"column":70}},{"start":{"line":27,"column":20},"end":{"line":27,"column":71}},{"start":{"line":28,"column":20},"end":{"line":28,"column":29}}]},"2":{"line":30,"type":"binary-expr","locations":[{"start":{"line":30,"column":23},"end":{"line":30,"column":37}},{"start":{"line":31,"column":20},"end":{"line":31,"column":61}},{"start":{"line":32,"column":20},"end":{"line":32,"column":70}},{"start":{"line":33,"column":20},"end":{"line":33,"column":26}}]},"3":{"line":37,"type":"cond-expr","locations":[{"start":{"line":38,"column":14},"end":{"line":38,"column":20}},{"start":{"line":39,"column":14},"end":{"line":39,"column":20}}]},"4":{"line":41,"type":"binary-expr","locations":[{"start":{"line":41,"column":16},"end":{"line":41,"column":44}},{"start":{"line":41,"column":48},"end":{"line":41,"column":53}}]},"5":{"line":45,"type":"if","locations":[{"start":{"line":45,"column":8},"end":{"line":45,"column":8}},{"start":{"line":45,"column":8},"end":{"line":45,"column":8}}]}},"code":["/* istanbul instrument in package npmtest_chai_http */","/*jslint","    bitwise: true,","    browser: true,","    maxerr: 8,","    maxlen: 96,","    node: true,","    nomen: true,","    regexp: true,","    stupid: true","*/","(function () {","    'use strict';","    var local;","","","","    // run shared js-env code - init-before","    (function () {","        // init local","        local = {};","        // init modeJs","        local.modeJs = (function () {","            try {","                return typeof navigator.userAgent === 'string' &&","                    typeof document.querySelector('body') === 'object' &&","                    typeof XMLHttpRequest.prototype.open === 'function' &&","                    'browser';","            } catch (errorCaughtBrowser) {","                return module.exports &&","                    typeof process.versions.node === 'string' &&","                    typeof require('http').createServer === 'function' &&","                    'node';","            }","        }());","        // init global","        local.global = local.modeJs === 'browser'","            ? window","            : global;","        // init utility2_rollup","        local = local.global.utility2_rollup || local;","        // init lib","        local.local = local.npmtest_chai_http = local;","        // init exports","        if (local.modeJs === 'browser') {","            local.global.utility2_npmtest_chai_http = local;","        } else {","            module.exports = local;","            module.exports.__dirname = __dirname;","            module.exports.module = module;","        }","    }());","}());",""],"l":{"12":2,"14":2,"19":2,"21":2,"23":2,"24":2,"25":2,"30":1,"37":2,"41":2,"43":2,"45":2,"46":1,"48":1,"49":1,"50":1}},"/home/travis/build/npmtest/node-npmtest-chai-http/example.js":{"path":"/home/travis/build/npmtest/node-npmtest-chai-http/example.js","s":{"1":2,"2":2,"3":2,"4":2,"5":2,"6":2,"7":2,"8":1,"9":2,"10":2,"11":2,"12":2,"13":1,"14":2,"15":2,"16":2,"17":2,"18":2,"19":0,"20":2,"21":1,"22":1,"23":1,"24":1,"25":1,"26":0,"27":0,"28":1,"29":1,"30":2,"31":0,"32":0,"33":0,"34":1,"35":2,"36":2,"37":3,"38":3,"39":3,"40":3,"41":0,"42":3,"43":3,"44":3,"45":1,"46":3,"47":1,"48":1,"49":1,"50":1,"51":1,"52":1,"53":1,"54":1,"55":1,"56":1,"57":0,"58":1,"59":6,"60":6,"61":1,"62":2,"63":0,"64":2,"65":1,"66":1,"67":0,"68":0,"69":0,"70":0,"71":0,"72":0,"73":0,"74":0,"75":0,"76":0,"77":0,"78":0,"79":0,"80":0,"81":0,"82":0,"83":0},"b":{"1":[2,1,1,1],"2":[1,1,1,1],"3":[1,1],"4":[2,2],"5":[1,1],"6":[1,1],"7":[2,0],"8":[2,1,1,1,1,1],"9":[0,2,0],"10":[1,1],"11":[2,1,1],"12":[1,0],"13":[0,2],"14":[2,0,0,0,0,0,0],"15":[0,3],"16":[3,0],"17":[1,1],"18":[0,1],"19":[1,2,0,2],"20":[1,0],"21":[1,1],"22":[0,0],"23":[0,0],"24":[0,0],"25":[0,0],"26":[0,0],"27":[0,0],"28":[0,0]},"f":{"1":2,"2":2,"3":2,"4":2,"5":2,"6":2,"7":3,"8":3,"9":3,"10":1,"11":6,"12":0},"fnMap":{"1":{"name":"(anonymous_1)","line":26,"loc":{"start":{"line":26,"column":1},"end":{"line":26,"column":13}}},"2":{"name":"(anonymous_2)","line":33,"loc":{"start":{"line":33,"column":5},"end":{"line":33,"column":17}}},"3":{"name":"(anonymous_3)","line":37,"loc":{"start":{"line":37,"column":24},"end":{"line":37,"column":36}}},"4":{"name":"(anonymous_4)","line":69,"loc":{"start":{"line":69,"column":31},"end":{"line":69,"column":48}},"skip":true},"5":{"name":"(anonymous_5)","line":78,"loc":{"start":{"line":78,"column":26},"end":{"line":78,"column":45}},"skip":true},"6":{"name":"(anonymous_6)","line":123,"loc":{"start":{"line":123,"column":33},"end":{"line":123,"column":48}},"skip":true},"7":{"name":"(anonymous_7)","line":125,"loc":{"start":{"line":125,"column":27},"end":{"line":125,"column":39}},"skip":true},"8":{"name":"(anonymous_8)","line":133,"loc":{"start":{"line":133,"column":59},"end":{"line":133,"column":74}},"skip":true},"9":{"name":"(anonymous_9)","line":143,"loc":{"start":{"line":143,"column":45},"end":{"line":143,"column":62}},"skip":true},"10":{"name":"(anonymous_10)","line":144,"loc":{"start":{"line":144,"column":73},"end":{"line":144,"column":92}},"skip":true},"11":{"name":"(anonymous_11)","line":272,"loc":{"start":{"line":272,"column":51},"end":{"line":272,"column":77}},"skip":true},"12":{"name":"(anonymous_12)","line":315,"loc":{"start":{"line":315,"column":32},"end":{"line":315,"column":61}},"skip":true}},"statementMap":{"1":{"start":{"line":26,"column":0},"end":{"line":326,"column":5}},"2":{"start":{"line":28,"column":4},"end":{"line":28,"column":14}},"3":{"start":{"line":33,"column":4},"end":{"line":60,"column":9}},"4":{"start":{"line":35,"column":8},"end":{"line":35,"column":19}},"5":{"start":{"line":37,"column":8},"end":{"line":49,"column":13}},"6":{"start":{"line":38,"column":12},"end":{"line":48,"column":13}},"7":{"start":{"line":39,"column":16},"end":{"line":42,"column":30}},"8":{"start":{"line":44,"column":16},"end":{"line":47,"column":27}},"9":{"start":{"line":51,"column":8},"end":{"line":53,"column":21}},"10":{"start":{"line":55,"column":8},"end":{"line":57,"column":45}},"11":{"start":{"line":59,"column":8},"end":{"line":59,"column":35}},"12":{"start":{"line":61,"column":4},"end":{"line":325,"column":5}},"13":{"start":{"line":69,"column":8},"end":{"line":121,"column":10},"skip":true},"14":{"start":{"line":70,"column":12},"end":{"line":88,"column":13},"skip":true},"15":{"start":{"line":76,"column":16},"end":{"line":87,"column":19},"skip":true},"16":{"start":{"line":79,"column":20},"end":{"line":86,"column":21},"skip":true},"17":{"start":{"line":82,"column":24},"end":{"line":82,"column":43},"skip":true},"18":{"start":{"line":83,"column":24},"end":{"line":83,"column":30},"skip":true},"19":{"start":{"line":85,"column":24},"end":{"line":85,"column":49},"skip":true},"20":{"start":{"line":89,"column":12},"end":{"line":107,"column":13},"skip":true},"21":{"start":{"line":92,"column":16},"end":{"line":102,"column":17},"skip":true},"22":{"start":{"line":93,"column":20},"end":{"line":93,"column":86},"skip":true},"23":{"start":{"line":94,"column":20},"end":{"line":95,"column":45},"skip":true},"24":{"start":{"line":96,"column":20},"end":{"line":96,"column":42},"skip":true},"25":{"start":{"line":97,"column":20},"end":{"line":97,"column":48},"skip":true},"26":{"start":{"line":100,"column":20},"end":{"line":100,"column":85},"skip":true},"27":{"start":{"line":101,"column":20},"end":{"line":101,"column":96},"skip":true},"28":{"start":{"line":103,"column":16},"end":{"line":103,"column":22},"skip":true},"29":{"start":{"line":106,"column":16},"end":{"line":106,"column":22},"skip":true},"30":{"start":{"line":108,"column":12},"end":{"line":120,"column":13},"skip":true},"31":{"start":{"line":114,"column":16},"end":{"line":119,"column":17},"skip":true},"32":{"start":{"line":116,"column":20},"end":{"line":116,"column":78},"skip":true},"33":{"start":{"line":118,"column":20},"end":{"line":118,"column":47},"skip":true},"34":{"start":{"line":123,"column":8},"end":{"line":141,"column":11},"skip":true},"35":{"start":{"line":124,"column":12},"end":{"line":124,"column":54},"skip":true},"36":{"start":{"line":125,"column":12},"end":{"line":140,"column":14},"skip":true},"37":{"start":{"line":126,"column":16},"end":{"line":126,"column":28},"skip":true},"38":{"start":{"line":127,"column":16},"end":{"line":127,"column":69},"skip":true},"39":{"start":{"line":128,"column":16},"end":{"line":128,"column":75},"skip":true},"40":{"start":{"line":129,"column":16},"end":{"line":131,"column":17},"skip":true},"41":{"start":{"line":130,"column":20},"end":{"line":130,"column":27},"skip":true},"42":{"start":{"line":133,"column":16},"end":{"line":137,"column":36},"skip":true},"43":{"start":{"line":134,"column":20},"end":{"line":136,"column":55},"skip":true},"44":{"start":{"line":139,"column":16},"end":{"line":139,"column":57},"skip":true},"45":{"start":{"line":143,"column":8},"end":{"line":147,"column":11},"skip":true},"46":{"start":{"line":144,"column":12},"end":{"line":146,"column":15},"skip":true},"47":{"start":{"line":145,"column":16},"end":{"line":145,"column":70},"skip":true},"48":{"start":{"line":149,"column":8},"end":{"line":149,"column":31},"skip":true},"49":{"start":{"line":150,"column":8},"end":{"line":150,"column":14},"skip":true},"50":{"start":{"line":158,"column":8},"end":{"line":158,"column":31},"skip":true},"51":{"start":{"line":160,"column":8},"end":{"line":160,"column":33},"skip":true},"52":{"start":{"line":161,"column":8},"end":{"line":161,"column":37},"skip":true},"53":{"start":{"line":162,"column":8},"end":{"line":162,"column":35},"skip":true},"54":{"start":{"line":164,"column":8},"end":{"line":164,"column":50},"skip":true},"55":{"start":{"line":166,"column":8},"end":{"line":256,"column":2},"skip":true},"56":{"start":{"line":258,"column":8},"end":{"line":286,"column":9},"skip":true},"57":{"start":{"line":259,"column":12},"end":{"line":269,"column":14},"skip":true},"58":{"start":{"line":271,"column":12},"end":{"line":285,"column":19},"skip":true},"59":{"start":{"line":274,"column":20},"end":{"line":274,"column":35},"skip":true},"60":{"start":{"line":275,"column":20},"end":{"line":284,"column":21},"skip":true},"61":{"start":{"line":277,"column":24},"end":{"line":277,"column":64},"skip":true},"62":{"start":{"line":279,"column":24},"end":{"line":279,"column":40},"skip":true},"63":{"start":{"line":281,"column":24},"end":{"line":281,"column":40},"skip":true},"64":{"start":{"line":283,"column":24},"end":{"line":283,"column":39},"skip":true},"65":{"start":{"line":288,"column":8},"end":{"line":290,"column":9},"skip":true},"66":{"start":{"line":289,"column":12},"end":{"line":289,"column":18},"skip":true},"67":{"start":{"line":291,"column":8},"end":{"line":293,"column":54},"skip":true},"68":{"start":{"line":296,"column":8},"end":{"line":301,"column":37},"skip":true},"69":{"start":{"line":303,"column":8},"end":{"line":303,"column":82},"skip":true},"70":{"start":{"line":306,"column":8},"end":{"line":308,"column":9},"skip":true},"71":{"start":{"line":307,"column":12},"end":{"line":307,"column":82},"skip":true},"72":{"start":{"line":310,"column":8},"end":{"line":312,"column":9},"skip":true},"73":{"start":{"line":311,"column":12},"end":{"line":311,"column":18},"skip":true},"74":{"start":{"line":313,"column":8},"end":{"line":313,"column":54},"skip":true},"75":{"start":{"line":314,"column":8},"end":{"line":314,"column":69},"skip":true},"76":{"start":{"line":315,"column":8},"end":{"line":323,"column":36},"skip":true},"77":{"start":{"line":316,"column":12},"end":{"line":316,"column":61},"skip":true},"78":{"start":{"line":317,"column":12},"end":{"line":320,"column":13},"skip":true},"79":{"start":{"line":318,"column":16},"end":{"line":318,"column":75},"skip":true},"80":{"start":{"line":319,"column":16},"end":{"line":319,"column":23},"skip":true},"81":{"start":{"line":321,"column":12},"end":{"line":321,"column":38},"skip":true},"82":{"start":{"line":322,"column":12},"end":{"line":322,"column":27},"skip":true},"83":{"start":{"line":324,"column":8},"end":{"line":324,"column":14},"skip":true}},"branchMap":{"1":{"line":39,"type":"binary-expr","locations":[{"start":{"line":39,"column":23},"end":{"line":39,"column":62}},{"start":{"line":40,"column":20},"end":{"line":40,"column":70}},{"start":{"line":41,"column":20},"end":{"line":41,"column":71}},{"start":{"line":42,"column":20},"end":{"line":42,"column":29}}]},"2":{"line":44,"type":"binary-expr","locations":[{"start":{"line":44,"column":23},"end":{"line":44,"column":37}},{"start":{"line":45,"column":20},"end":{"line":45,"column":61}},{"start":{"line":46,"column":20},"end":{"line":46,"column":70}},{"start":{"line":47,"column":20},"end":{"line":47,"column":26}}]},"3":{"line":51,"type":"cond-expr","locations":[{"start":{"line":52,"column":14},"end":{"line":52,"column":20}},{"start":{"line":53,"column":14},"end":{"line":53,"column":20}}]},"4":{"line":55,"type":"binary-expr","locations":[{"start":{"line":55,"column":16},"end":{"line":55,"column":44}},{"start":{"line":55,"column":49},"end":{"line":57,"column":43}}]},"5":{"line":55,"type":"cond-expr","locations":[{"start":{"line":56,"column":14},"end":{"line":56,"column":53}},{"start":{"line":57,"column":14},"end":{"line":57,"column":43}}]},"6":{"line":61,"type":"switch","locations":[{"start":{"line":68,"column":4},"end":{"line":150,"column":14},"skip":true},{"start":{"line":156,"column":4},"end":{"line":324,"column":14},"skip":true}]},"7":{"line":70,"type":"if","locations":[{"start":{"line":70,"column":12},"end":{"line":70,"column":12},"skip":true},{"start":{"line":70,"column":12},"end":{"line":70,"column":12},"skip":true}]},"8":{"line":70,"type":"binary-expr","locations":[{"start":{"line":70,"column":16},"end":{"line":70,"column":22},"skip":true},{"start":{"line":70,"column":27},"end":{"line":70,"column":32},"skip":true},{"start":{"line":71,"column":20},"end":{"line":71,"column":39},"skip":true},{"start":{"line":72,"column":20},"end":{"line":72,"column":49},"skip":true},{"start":{"line":73,"column":20},"end":{"line":73,"column":58},"skip":true},{"start":{"line":74,"column":20},"end":{"line":74,"column":69},"skip":true}]},"9":{"line":79,"type":"switch","locations":[{"start":{"line":80,"column":20},"end":{"line":80,"column":33},"skip":true},{"start":{"line":81,"column":20},"end":{"line":83,"column":30},"skip":true},{"start":{"line":84,"column":20},"end":{"line":85,"column":49},"skip":true}]},"10":{"line":89,"type":"switch","locations":[{"start":{"line":90,"column":12},"end":{"line":103,"column":22},"skip":true},{"start":{"line":105,"column":12},"end":{"line":106,"column":22},"skip":true}]},"11":{"line":89,"type":"binary-expr","locations":[{"start":{"line":89,"column":20},"end":{"line":89,"column":25},"skip":true},{"start":{"line":89,"column":29},"end":{"line":89,"column":48},"skip":true},{"start":{"line":89,"column":52},"end":{"line":89,"column":74},"skip":true}]},"12":{"line":92,"type":"if","locations":[{"start":{"line":92,"column":16},"end":{"line":92,"column":16},"skip":true},{"start":{"line":92,"column":16},"end":{"line":92,"column":16},"skip":true}]},"13":{"line":108,"type":"if","locations":[{"start":{"line":108,"column":12},"end":{"line":108,"column":12},"skip":true},{"start":{"line":108,"column":12},"end":{"line":108,"column":12},"skip":true}]},"14":{"line":108,"type":"binary-expr","locations":[{"start":{"line":108,"column":16},"end":{"line":108,"column":61},"skip":true},{"start":{"line":108,"column":66},"end":{"line":108,"column":72},"skip":true},{"start":{"line":108,"column":77},"end":{"line":108,"column":82},"skip":true},{"start":{"line":109,"column":20},"end":{"line":109,"column":39},"skip":true},{"start":{"line":110,"column":20},"end":{"line":110,"column":49},"skip":true},{"start":{"line":111,"column":20},"end":{"line":111,"column":58},"skip":true},{"start":{"line":112,"column":20},"end":{"line":112,"column":68},"skip":true}]},"15":{"line":129,"type":"if","locations":[{"start":{"line":129,"column":16},"end":{"line":129,"column":16},"skip":true},{"start":{"line":129,"column":16},"end":{"line":129,"column":16},"skip":true}]},"16":{"line":134,"type":"cond-expr","locations":[{"start":{"line":135,"column":26},"end":{"line":135,"column":29},"skip":true},{"start":{"line":136,"column":26},"end":{"line":136,"column":54},"skip":true}]},"17":{"line":164,"type":"binary-expr","locations":[{"start":{"line":164,"column":27},"end":{"line":164,"column":43},"skip":true},{"start":{"line":164,"column":47},"end":{"line":164,"column":49},"skip":true}]},"18":{"line":258,"type":"if","locations":[{"start":{"line":258,"column":8},"end":{"line":258,"column":8},"skip":true},{"start":{"line":258,"column":8},"end":{"line":258,"column":8},"skip":true}]},"19":{"line":275,"type":"switch","locations":[{"start":{"line":276,"column":20},"end":{"line":277,"column":64},"skip":true},{"start":{"line":278,"column":20},"end":{"line":279,"column":40},"skip":true},{"start":{"line":280,"column":20},"end":{"line":281,"column":40},"skip":true},{"start":{"line":282,"column":20},"end":{"line":283,"column":39},"skip":true}]},"20":{"line":288,"type":"if","locations":[{"start":{"line":288,"column":8},"end":{"line":288,"column":8},"skip":true},{"start":{"line":288,"column":8},"end":{"line":288,"column":8},"skip":true}]},"21":{"line":288,"type":"binary-expr","locations":[{"start":{"line":288,"column":12},"end":{"line":288,"column":40},"skip":true},{"start":{"line":288,"column":44},"end":{"line":288,"column":67},"skip":true}]},"22":{"line":292,"type":"binary-expr","locations":[{"start":{"line":292,"column":12},"end":{"line":292,"column":50},"skip":true},{"start":{"line":293,"column":12},"end":{"line":293,"column":53},"skip":true}]},"23":{"line":297,"type":"binary-expr","locations":[{"start":{"line":297,"column":12},"end":{"line":297,"column":67},"skip":true},{"start":{"line":298,"column":12},"end":{"line":301,"column":36},"skip":true}]},"24":{"line":303,"type":"binary-expr","locations":[{"start":{"line":303,"column":43},"end":{"line":303,"column":75},"skip":true},{"start":{"line":303,"column":79},"end":{"line":303,"column":81},"skip":true}]},"25":{"line":306,"type":"if","locations":[{"start":{"line":306,"column":8},"end":{"line":306,"column":8},"skip":true},{"start":{"line":306,"column":8},"end":{"line":306,"column":8},"skip":true}]},"26":{"line":310,"type":"if","locations":[{"start":{"line":310,"column":8},"end":{"line":310,"column":8},"skip":true},{"start":{"line":310,"column":8},"end":{"line":310,"column":8},"skip":true}]},"27":{"line":313,"type":"binary-expr","locations":[{"start":{"line":313,"column":27},"end":{"line":313,"column":43},"skip":true},{"start":{"line":313,"column":47},"end":{"line":313,"column":53},"skip":true}]},"28":{"line":317,"type":"if","locations":[{"start":{"line":317,"column":12},"end":{"line":317,"column":12},"skip":true},{"start":{"line":317,"column":12},"end":{"line":317,"column":12},"skip":true}]}},"code":["/*","example.js","","quickstart example","","instruction","    1. save this script as example.js","    2. run the shell command:","        $ npm install npmtest-chai-http && PORT=8081 node example.js","    3. play with the browser-demo on http://127.0.0.1:8081","*/","","","","/* istanbul instrument in package npmtest_chai_http */","/*jslint","    bitwise: true,","    browser: true,","    maxerr: 8,","    maxlen: 96,","    node: true,","    nomen: true,","    regexp: true,","    stupid: true","*/","(function () {","    'use strict';","    var local;","","","","    // run shared js-env code - init-before","    (function () {","        // init local","        local = {};","        // init modeJs","        local.modeJs = (function () {","            try {","                return typeof navigator.userAgent === 'string' &&","                    typeof document.querySelector('body') === 'object' &&","                    typeof XMLHttpRequest.prototype.open === 'function' &&","                    'browser';","            } catch (errorCaughtBrowser) {","                return module.exports &&","                    typeof process.versions.node === 'string' &&","                    typeof require('http').createServer === 'function' &&","                    'node';","            }","        }());","        // init global","        local.global = local.modeJs === 'browser'","            ? window","            : global;","        // init utility2_rollup","        local = local.global.utility2_rollup || (local.modeJs === 'browser'","            ? local.global.utility2_npmtest_chai_http","            : global.utility2_moduleExports);","        // export local","        local.global.local = local;","    }());","    switch (local.modeJs) {","","","","    // init-after","    // run browser js-env code - init-after","    /* istanbul ignore next */","    case 'browser':","        local.testRunBrowser = function (event) {","            if (!event || (event &&","                    event.currentTarget &&","                    event.currentTarget.className &&","                    event.currentTarget.className.includes &&","                    event.currentTarget.className.includes('onreset'))) {","                // reset output","                Array.from(","                    document.querySelectorAll('body > .resettable')","                ).forEach(function (element) {","                    switch (element.tagName) {","                    case 'INPUT':","                    case 'TEXTAREA':","                        element.value = '';","                        break;","                    default:","                        element.textContent = '';","                    }","                });","            }","            switch (event && event.currentTarget && event.currentTarget.id) {","            case 'testRunButton1':","                // show tests","                if (document.querySelector('#testReportDiv1').style.display === 'none') {","                    document.querySelector('#testReportDiv1').style.display = 'block';","                    document.querySelector('#testRunButton1').textContent =","                        'hide internal test';","                    local.modeTest = true;","                    local.testRunDefault(local);","                // hide tests","                } else {","                    document.querySelector('#testReportDiv1').style.display = 'none';","                    document.querySelector('#testRunButton1').textContent = 'run internal test';","                }","                break;","            // custom-case","            default:","                break;","            }","            if (document.querySelector('#inputTextareaEval1') && (!event || (event &&","                    event.currentTarget &&","                    event.currentTarget.className &&","                    event.currentTarget.className.includes &&","                    event.currentTarget.className.includes('oneval')))) {","                // try to eval input-code","                try {","                    /*jslint evil: true*/","                    eval(document.querySelector('#inputTextareaEval1').value);","                } catch (errorCaught) {","                    console.error(errorCaught);","                }","            }","        };","        // log stderr and stdout to #outputTextareaStdout1","        ['error', 'log'].forEach(function (key) {","            console[key + '_original'] = console[key];","            console[key] = function () {","                var element;","                console[key + '_original'].apply(console, arguments);","                element = document.querySelector('#outputTextareaStdout1');","                if (!element) {","                    return;","                }","                // append text to #outputTextareaStdout1","                element.value += Array.from(arguments).map(function (arg) {","                    return typeof arg === 'string'","                        ? arg","                        : JSON.stringify(arg, null, 4);","                }).join(' ') + '\\n';","                // scroll textarea to bottom","                element.scrollTop = element.scrollHeight;","            };","        });","        // init event-handling","        ['change', 'click', 'keyup'].forEach(function (event) {","            Array.from(document.querySelectorAll('.on' + event)).forEach(function (element) {","                element.addEventListener(event, local.testRunBrowser);","            });","        });","        // run tests","        local.testRunBrowser();","        break;","","","","    // run node js-env code - init-after","    /* istanbul ignore next */","    case 'node':","        // export local","        module.exports = local;","        // require modules","        local.fs = require('fs');","        local.http = require('http');","        local.url = require('url');","        // init assets","        local.assetsDict = local.assetsDict || {};","        /* jslint-ignore-begin */","        local.assetsDict['/assets.index.template.html'] = '\\","<!doctype html>\\n\\","<html lang=\"en\">\\n\\","<head>\\n\\","<meta charset=\"UTF-8\">\\n\\","<meta name=\"viewport\" content=\"width=device-width, initial-scale=1\">\\n\\","<title>{{env.npm_package_name}} (v{{env.npm_package_version}})</title>\\n\\","<style>\\n\\","/*csslint\\n\\","    box-sizing: false,\\n\\","    universal-selector: false\\n\\","*/\\n\\","* {\\n\\","    box-sizing: border-box;\\n\\","}\\n\\","body {\\n\\","    background: #dde;\\n\\","    font-family: Arial, Helvetica, sans-serif;\\n\\","    margin: 2rem;\\n\\","}\\n\\","body > * {\\n\\","    margin-bottom: 1rem;\\n\\","}\\n\\",".utility2FooterDiv {\\n\\","    margin-top: 20px;\\n\\","    text-align: center;\\n\\","}\\n\\","</style>\\n\\","<style>\\n\\","/*csslint\\n\\","*/\\n\\","textarea {\\n\\","    font-family: monospace;\\n\\","    height: 10rem;\\n\\","    width: 100%;\\n\\","}\\n\\","textarea[readonly] {\\n\\","    background: #ddd;\\n\\","}\\n\\","</style>\\n\\","</head>\\n\\","<body>\\n\\","<!-- utility2-comment\\n\\","<div id=\"ajaxProgressDiv1\" style=\"background: #d00; height: 2px; left: 0; margin: 0; padding: 0; position: fixed; top: 0; transition: background 0.5s, width 1.5s; width: 25%;\"></div>\\n\\","utility2-comment -->\\n\\","<h1>\\n\\","<!-- utility2-comment\\n\\","    <a\\n\\","        {{#if env.npm_package_homepage}}\\n\\","        href=\"{{env.npm_package_homepage}}\"\\n\\","        {{/if env.npm_package_homepage}}\\n\\","        target=\"_blank\"\\n\\","    >\\n\\","utility2-comment -->\\n\\","        {{env.npm_package_name}} (v{{env.npm_package_version}})\\n\\","<!-- utility2-comment\\n\\","    </a>\\n\\","utility2-comment -->\\n\\","</h1>\\n\\","<h3>{{env.npm_package_description}}</h3>\\n\\","<!-- utility2-comment\\n\\","<h4><a download href=\"assets.app.js\">download standalone app</a></h4>\\n\\","<button class=\"onclick onreset\" id=\"testRunButton1\">run internal test</button><br>\\n\\","<div id=\"testReportDiv1\" style=\"display: none;\"></div>\\n\\","utility2-comment -->\\n\\","\\n\\","\\n\\","\\n\\","<label>stderr and stdout</label>\\n\\","<textarea class=\"resettable\" id=\"outputTextareaStdout1\" readonly></textarea>\\n\\","<!-- utility2-comment\\n\\","{{#if isRollup}}\\n\\","<script src=\"assets.app.js\"></script>\\n\\","{{#unless isRollup}}\\n\\","utility2-comment -->\\n\\","<script src=\"assets.utility2.rollup.js\"></script>\\n\\","<script src=\"jsonp.utility2._stateInit?callback=window.utility2._stateInit\"></script>\\n\\","<script src=\"assets.npmtest_chai_http.rollup.js\"></script>\\n\\","<script src=\"assets.example.js\"></script>\\n\\","<script src=\"assets.test.js\"></script>\\n\\","<!-- utility2-comment\\n\\","{{/if isRollup}}\\n\\","utility2-comment -->\\n\\","<div class=\"utility2FooterDiv\">\\n\\","    [ this app was created with\\n\\","    <a href=\"https://github.com/kaizhu256/node-utility2\" target=\"_blank\">utility2</a>\\n\\","    ]\\n\\","</div>\\n\\","</body>\\n\\","</html>\\n\\","';","        /* jslint-ignore-end */","        if (local.templateRender) {","            local.assetsDict['/'] = local.templateRender(","                local.assetsDict['/assets.index.template.html'],","                {","                    env: local.objectSetDefault(local.env, {","                        npm_package_description: 'the greatest app in the world!',","                        npm_package_name: 'my-app',","                        npm_package_nameAlias: 'my_app',","                        npm_package_version: '0.0.1'","                    })","                }","            );","        } else {","            local.assetsDict['/'] = local.assetsDict['/assets.index.template.html']","                .replace((/\\{\\{env\\.(\\w+?)\\}\\}/g), function (match0, match1) {","                    // jslint-hack","                    String(match0);","                    switch (match1) {","                    case 'npm_package_description':","                        return 'the greatest app in the world!';","                    case 'npm_package_name':","                        return 'my-app';","                    case 'npm_package_nameAlias':","                        return 'my_app';","                    case 'npm_package_version':","                        return '0.0.1';","                    }","                });","        }","        // run the cli","        if (local.global.utility2_rollup || module !== require.main) {","            break;","        }","        local.assetsDict['/assets.example.js'] =","            local.assetsDict['/assets.example.js'] ||","            local.fs.readFileSync(__filename, 'utf8');","        // bug-workaround - long $npm_package_buildCustomOrg","        /* jslint-ignore-begin */","        local.assetsDict['/assets.npmtest_chai_http.rollup.js'] =","            local.assetsDict['/assets.npmtest_chai_http.rollup.js'] ||","            local.fs.readFileSync(","                local.npmtest_chai_http.__dirname + '/lib.npmtest_chai_http.js',","                'utf8'","            ).replace((/^#!/), '//');","        /* jslint-ignore-end */","        local.assetsDict['/favicon.ico'] = local.assetsDict['/favicon.ico'] || '';","        // if $npm_config_timeout_exit exists,","        // then exit this process after $npm_config_timeout_exit ms","        if (Number(process.env.npm_config_timeout_exit)) {","            setTimeout(process.exit, Number(process.env.npm_config_timeout_exit));","        }","        // start server","        if (local.global.utility2_serverHttp1) {","            break;","        }","        process.env.PORT = process.env.PORT || '8081';","        console.error('server starting on port ' + process.env.PORT);","        local.http.createServer(function (request, response) {","            request.urlParsed = local.url.parse(request.url);","            if (local.assetsDict[request.urlParsed.pathname] !== undefined) {","                response.end(local.assetsDict[request.urlParsed.pathname]);","                return;","            }","            response.statusCode = 404;","            response.end();","        }).listen(process.env.PORT);","        break;","    }","}());",""],"l":{"26":2,"28":2,"33":2,"35":2,"37":2,"38":2,"39":2,"44":1,"51":2,"55":2,"59":2,"61":2,"69":1,"70":2,"76":2,"79":2,"82":2,"83":2,"85":1,"89":2,"92":1,"93":1,"94":1,"96":1,"97":1,"100":1,"101":1,"103":1,"106":1,"108":2,"114":1,"116":1,"118":1,"123":1,"124":2,"125":2,"126":3,"127":3,"128":3,"129":3,"130":1,"133":3,"134":3,"139":3,"143":1,"144":3,"145":1,"149":1,"150":1,"158":1,"160":1,"161":1,"162":1,"164":1,"166":1,"258":1,"259":1,"271":1,"274":6,"275":6,"277":1,"279":2,"281":1,"283":2,"288":1,"289":1,"291":1,"296":1,"303":1,"306":1,"307":1,"310":1,"311":1,"313":1,"314":1,"315":1,"316":1,"317":1,"318":1,"319":1,"321":1,"322":1,"324":1}},"/home/travis/build/npmtest/node-npmtest-chai-http/node_modules/chai-http/index.js":{"path":"/home/travis/build/npmtest/node-npmtest-chai-http/node_modules/chai-http/index.js","s":{"1":1},"b":{"1":[0,1],"2":[1,1,1]},"f":{},"fnMap":{},"statementMap":{"1":{"start":{"line":1,"column":0},"end":{"line":3,"column":26}}},"branchMap":{"1":{"line":1,"type":"cond-expr","locations":[{"start":{"line":2,"column":4},"end":{"line":2,"column":29}},{"start":{"line":3,"column":4},"end":{"line":3,"column":25}}]},"2":{"line":1,"type":"binary-expr","locations":[{"start":{"line":1,"column":18},"end":{"line":1,"column":25}},{"start":{"line":1,"column":29},"end":{"line":1,"column":40}},{"start":{"line":1,"column":44},"end":{"line":1,"column":68}}]}},"code":["module.exports = (process && process.env && process.env.CHAIHTTP_COV)","  ? require('./lib-cov/http')","  : require('./lib/http');",""],"l":{"1":1}},"/home/travis/build/npmtest/node-npmtest-chai-http/node_modules/chai-http/lib/http.js":{"path":"/home/travis/build/npmtest/node-npmtest-chai-http/node_modules/chai-http/lib/http.js","s":{"1":1,"2":0,"3":0,"4":0,"5":0,"6":0,"7":0,"8":0,"9":1,"10":0,"11":0,"12":0,"13":0,"14":0,"15":0,"16":0,"17":0,"18":0,"19":0,"20":0,"21":0,"22":0,"23":0,"24":0,"25":0,"26":0,"27":0,"28":0,"29":0,"30":0,"31":1,"32":0,"33":0,"34":0,"35":0,"36":0,"37":0,"38":0,"39":0,"40":0,"41":0,"42":0,"43":0,"44":0,"45":0,"46":0,"47":0,"48":0,"49":0,"50":0,"51":0,"52":0,"53":0,"54":0,"55":0,"56":0,"57":0,"58":0,"59":0,"60":0,"61":0,"62":0,"63":0},"b":{"1":[0,0],"2":[0,0],"3":[0,0],"4":[0,0],"5":[0,0],"6":[0,0],"7":[0,0],"8":[0,0],"9":[0,0],"10":[0,0,0],"11":[0,0],"12":[0,0],"13":[0,0],"14":[0,0],"15":[0,0],"16":[0,0]},"f":{"1":0,"2":0,"3":0,"4":0,"5":0,"6":0,"7":0,"8":0,"9":0,"10":0,"11":0,"12":0},"fnMap":{"1":{"name":"(anonymous_1)","line":14,"loc":{"start":{"line":14,"column":17},"end":{"line":14,"column":36}}},"2":{"name":"getHeader","line":59,"loc":{"start":{"line":59,"column":2},"end":{"line":59,"column":31}}},"3":{"name":"(anonymous_3)","line":79,"loc":{"start":{"line":79,"column":32},"end":{"line":79,"column":48}}},"4":{"name":"(anonymous_4)","line":117,"loc":{"start":{"line":117,"column":32},"end":{"line":117,"column":54}}},"5":{"name":"(anonymous_5)","line":164,"loc":{"start":{"line":164,"column":35},"end":{"line":164,"column":47}}},"6":{"name":"(anonymous_6)","line":186,"loc":{"start":{"line":186,"column":30},"end":{"line":186,"column":42}}},"7":{"name":"checkContentType","line":211,"loc":{"start":{"line":211,"column":2},"end":{"line":211,"column":35}}},"8":{"name":"(anonymous_8)","line":214,"loc":{"start":{"line":214,"column":32},"end":{"line":214,"column":44}}},"9":{"name":"(anonymous_9)","line":246,"loc":{"start":{"line":246,"column":36},"end":{"line":246,"column":47}}},"10":{"name":"(anonymous_10)","line":272,"loc":{"start":{"line":272,"column":36},"end":{"line":272,"column":58}}},"11":{"name":"(anonymous_11)","line":308,"loc":{"start":{"line":308,"column":31},"end":{"line":308,"column":53}}},"12":{"name":"(anonymous_12)","line":336,"loc":{"start":{"line":336,"column":32},"end":{"line":336,"column":54}}}},"statementMap":{"1":{"start":{"line":14,"column":0},"end":{"line":364,"column":2}},"2":{"start":{"line":20,"column":2},"end":{"line":20,"column":27}},"3":{"start":{"line":21,"column":2},"end":{"line":21,"column":25}},"4":{"start":{"line":22,"column":2},"end":{"line":22,"column":27}},"5":{"start":{"line":23,"column":2},"end":{"line":23,"column":36}},"6":{"start":{"line":29,"column":2},"end":{"line":30,"column":20}},"7":{"start":{"line":36,"column":2},"end":{"line":36,"column":38}},"8":{"start":{"line":45,"column":2},"end":{"line":49,"column":4}},"9":{"start":{"line":59,"column":2},"end":{"line":63,"column":3}},"10":{"start":{"line":60,"column":4},"end":{"line":60,"column":37}},"11":{"start":{"line":60,"column":13},"end":{"line":60,"column":37}},"12":{"start":{"line":61,"column":4},"end":{"line":61,"column":49}},"13":{"start":{"line":61,"column":23},"end":{"line":61,"column":49}},"14":{"start":{"line":62,"column":4},"end":{"line":62,"column":45}},"15":{"start":{"line":62,"column":21},"end":{"line":62,"column":45}},"16":{"start":{"line":79,"column":2},"end":{"line":90,"column":5}},"17":{"start":{"line":80,"column":4},"end":{"line":80,"column":56}},"18":{"start":{"line":81,"column":4},"end":{"line":81,"column":34}},"19":{"start":{"line":83,"column":4},"end":{"line":89,"column":6}},"20":{"start":{"line":117,"column":2},"end":{"line":143,"column":5}},"21":{"start":{"line":118,"column":4},"end":{"line":118,"column":43}},"22":{"start":{"line":120,"column":4},"end":{"line":142,"column":5}},"23":{"start":{"line":121,"column":6},"end":{"line":125,"column":8}},"24":{"start":{"line":126,"column":11},"end":{"line":142,"column":5}},"25":{"start":{"line":127,"column":6},"end":{"line":133,"column":8}},"26":{"start":{"line":135,"column":6},"end":{"line":141,"column":8}},"27":{"start":{"line":164,"column":2},"end":{"line":170,"column":5}},"28":{"start":{"line":165,"column":4},"end":{"line":169,"column":6}},"29":{"start":{"line":186,"column":2},"end":{"line":192,"column":5}},"30":{"start":{"line":187,"column":4},"end":{"line":191,"column":6}},"31":{"start":{"line":211,"column":2},"end":{"line":227,"column":3}},"32":{"start":{"line":212,"column":4},"end":{"line":212,"column":33}},"33":{"start":{"line":214,"column":4},"end":{"line":226,"column":7}},"34":{"start":{"line":215,"column":6},"end":{"line":215,"column":47}},"35":{"start":{"line":216,"column":6},"end":{"line":219,"column":18}},"36":{"start":{"line":221,"column":6},"end":{"line":225,"column":8}},"37":{"start":{"line":229,"column":2},"end":{"line":231,"column":31}},"38":{"start":{"line":246,"column":2},"end":{"line":256,"column":5}},"39":{"start":{"line":247,"column":4},"end":{"line":249,"column":40}},"40":{"start":{"line":251,"column":4},"end":{"line":255,"column":6}},"41":{"start":{"line":272,"column":2},"end":{"line":288,"column":5}},"42":{"start":{"line":273,"column":4},"end":{"line":273,"column":40}},"43":{"start":{"line":275,"column":4},"end":{"line":275,"column":41}},"44":{"start":{"line":277,"column":4},"end":{"line":287,"column":5}},"45":{"start":{"line":278,"column":6},"end":{"line":282,"column":8}},"46":{"start":{"line":284,"column":6},"end":{"line":284,"column":47}},"47":{"start":{"line":285,"column":6},"end":{"line":285,"column":39}},"48":{"start":{"line":286,"column":6},"end":{"line":286,"column":53}},"49":{"start":{"line":308,"column":2},"end":{"line":313,"column":5}},"50":{"start":{"line":309,"column":4},"end":{"line":309,"column":36}},"51":{"start":{"line":310,"column":4},"end":{"line":310,"column":37}},"52":{"start":{"line":311,"column":4},"end":{"line":311,"column":62}},"53":{"start":{"line":312,"column":4},"end":{"line":312,"column":51}},"54":{"start":{"line":336,"column":2},"end":{"line":363,"column":5}},"55":{"start":{"line":337,"column":4},"end":{"line":338,"column":15}},"56":{"start":{"line":340,"column":4},"end":{"line":342,"column":5}},"57":{"start":{"line":341,"column":7},"end":{"line":341,"column":66}},"58":{"start":{"line":344,"column":4},"end":{"line":344,"column":32}},"59":{"start":{"line":345,"column":4},"end":{"line":345,"column":30}},"60":{"start":{"line":346,"column":4},"end":{"line":346,"column":66}},"61":{"start":{"line":348,"column":4},"end":{"line":362,"column":5}},"62":{"start":{"line":349,"column":6},"end":{"line":355,"column":8}},"63":{"start":{"line":357,"column":6},"end":{"line":361,"column":8}}},"branchMap":{"1":{"line":60,"type":"if","locations":[{"start":{"line":60,"column":4},"end":{"line":60,"column":4}},{"start":{"line":60,"column":4},"end":{"line":60,"column":4}}]},"2":{"line":61,"type":"if","locations":[{"start":{"line":61,"column":4},"end":{"line":61,"column":4}},{"start":{"line":61,"column":4},"end":{"line":61,"column":4}}]},"3":{"line":62,"type":"if","locations":[{"start":{"line":62,"column":4},"end":{"line":62,"column":4}},{"start":{"line":62,"column":4},"end":{"line":62,"column":4}}]},"4":{"line":120,"type":"if","locations":[{"start":{"line":120,"column":4},"end":{"line":120,"column":4}},{"start":{"line":120,"column":4},"end":{"line":120,"column":4}}]},"5":{"line":122,"type":"binary-expr","locations":[{"start":{"line":122,"column":10},"end":{"line":122,"column":39}},{"start":{"line":122,"column":43},"end":{"line":122,"column":58}}]},"6":{"line":126,"type":"if","locations":[{"start":{"line":126,"column":11},"end":{"line":126,"column":11}},{"start":{"line":126,"column":11},"end":{"line":126,"column":11}}]},"7":{"line":166,"type":"binary-expr","locations":[{"start":{"line":166,"column":8},"end":{"line":166,"column":25}},{"start":{"line":166,"column":29},"end":{"line":166,"column":48}}]},"8":{"line":217,"type":"cond-expr","locations":[{"start":{"line":218,"column":12},"end":{"line":218,"column":21}},{"start":{"line":219,"column":12},"end":{"line":219,"column":17}}]},"9":{"line":222,"type":"binary-expr","locations":[{"start":{"line":222,"column":10},"end":{"line":222,"column":12}},{"start":{"line":222,"column":16},"end":{"line":222,"column":32}}]},"10":{"line":252,"type":"binary-expr","locations":[{"start":{"line":252,"column":8},"end":{"line":252,"column":42}},{"start":{"line":252,"column":46},"end":{"line":252,"column":55}},{"start":{"line":252,"column":59},"end":{"line":252,"column":75}}]},"11":{"line":277,"type":"if","locations":[{"start":{"line":277,"column":4},"end":{"line":277,"column":4}},{"start":{"line":277,"column":4},"end":{"line":277,"column":4}}]},"12":{"line":277,"type":"binary-expr","locations":[{"start":{"line":277,"column":7},"end":{"line":277,"column":16}},{"start":{"line":277,"column":20},"end":{"line":277,"column":36}}]},"13":{"line":340,"type":"if","locations":[{"start":{"line":340,"column":4},"end":{"line":340,"column":4}},{"start":{"line":340,"column":4},"end":{"line":340,"column":4}}]},"14":{"line":341,"type":"binary-expr","locations":[{"start":{"line":341,"column":17},"end":{"line":341,"column":47}},{"start":{"line":341,"column":51},"end":{"line":341,"column":53}}]},"15":{"line":348,"type":"if","locations":[{"start":{"line":348,"column":4},"end":{"line":348,"column":4}},{"start":{"line":348,"column":4},"end":{"line":348,"column":4}}]},"16":{"line":358,"type":"binary-expr","locations":[{"start":{"line":358,"column":10},"end":{"line":358,"column":39}},{"start":{"line":358,"column":43},"end":{"line":358,"column":58}}]}},"code":["/*!"," * chai-http"," * Copyright(c) 2011-2012 Jake Luer <jake@alogicalparadox.com>"," * MIT Licensed"," */","","/**"," * ## Assertions"," *"," * The Chai HTTP module provides a number of assertions"," * for the `expect` and `should` interfaces."," */","","module.exports = function (chai, _) {","","  /*!","   * Module dependencies.","   */","","  var net = require('net');","  var qs = require('qs');","  var url = require('url');","  var Cookie = require('cookiejar');","","  /*!","   * Aliases.","   */","","  var Assertion = chai.Assertion","    , i = _.inspect;","","  /*!","   * Expose request builder","   */","","  chai.request = require('./request');","","  /*!","   * Content types hash. Used to","   * define `Assertion` properties.","   *","   * @type {Object}","   */","","  var contentTypes = {","      json: 'application/json'","    , text: 'text/plain'","    , html: 'text/html'","  };","","  /*!","   * Return a header from `Request` or `Response` object.","   *","   * @param {Request|Response} object","   * @param {String} Header","   * @returns {String|Undefined}","   */","","  function getHeader(obj, key) {","    if (key) key = key.toLowerCase();","    if (obj.getHeader) return obj.getHeader(key);","    if (obj.headers) return obj.headers[key];","  };","","  /**","   * ### .status (code)","   *","   * Assert that a response has a supplied status.","   *","   * ```js","   * expect(res).to.have.status(200);","   * ```","   *","   * @param {Number} status number","   * @name status","   * @api public","   */","","  Assertion.addMethod('status', function (code) {","    new Assertion(this._obj).to.have.property('status');","    var status = this._obj.status;","","    this.assert(","        status == code","      , 'expected #{this} to have status code #{exp} but got #{act}'","      , 'expected #{this} to not have status code #{act}'","      , code","      , status","    );","  });","","  /**","   * ### .header (key[, value])","   *","   * Assert that a `Response` or `Request` object has a header.","   * If a value is provided, equality to value will be asserted.","   * You may also pass a regular expression to check.","   *","   * __Note:__ When running in a web browser, the","   * [same-origin policy](https://tools.ietf.org/html/rfc6454#section-3)","   * only allows Chai HTTP to read","   * [certain headers](https://www.w3.org/TR/cors/#simple-response-header),","   * which can cause assertions to fail.","   *","   * ```js","   * expect(req).to.have.header('x-api-key');","   * expect(req).to.have.header('content-type', 'text/plain');","   * expect(req).to.have.header('content-type', /^text/);","   * ```","   *","   * @param {String} header key (case insensitive)","   * @param {String|RegExp} header value (optional)","   * @name header","   * @api public","   */","","  Assertion.addMethod('header', function (key, value) {","    var header = getHeader(this._obj, key);","","    if (arguments.length < 2) {","      this.assert(","          'undefined' !== typeof header || null === header","        , 'expected header \\'' + key + '\\' to exist'","        , 'expected header \\'' + key + '\\' to not exist'","      );","    } else if (arguments[1] instanceof RegExp) {","      this.assert(","          value.test(header)","        , 'expected header \\'' + key + '\\' to match ' + value + ' but got ' + i(header)","        , 'expected header \\'' + key + '\\' not to match ' + value + ' but got ' + i(header)","        , value","        , header","      );","    } else {","      this.assert(","          header == value","        , 'expected header \\'' + key + '\\' to have value ' + value + ' but got ' + i(header)","        , 'expected header \\'' + key + '\\' to not have value ' + value","        , value","        , header","      );","    }","  });","","  /**","   * ### .headers","   *","   * Assert that a `Response` or `Request` object has headers.","   *","   * __Note:__ When running in a web browser, the","   * [same-origin policy](https://tools.ietf.org/html/rfc6454#section-3)","   * only allows Chai HTTP to read","   * [certain headers](https://www.w3.org/TR/cors/#simple-response-header),","   * which can cause assertions to fail.","   *","   * ```js","   * expect(req).to.have.headers;","   * ```","   *","   * @name headers","   * @api public","   */","","  Assertion.addProperty('headers', function () {","    this.assert(","        this._obj.headers || this._obj.getHeader","      , 'expected #{this} to have headers or getHeader method'","      , 'expected #{this} to not have headers or getHeader method'","    );","  });","","  /**","   * ### .ip","   *","   * Assert that a string represents valid ip address.","   *","   * ```js","   * expect('127.0.0.1').to.be.an.ip;","   * expect('2001:0db8:85a3:0000:0000:8a2e:0370:7334').to.be.an.ip;","   * ```","   *","   * @name ip","   * @api public","   */","","  Assertion.addProperty('ip', function () {","    this.assert(","        net.isIP(this._obj)","      , 'expected #{this} to be an ip'","      , 'expected #{this} to not be an ip'","    );","  });","","  /**","   * ### .json / .text / .html","   *","   * Assert that a `Response` or `Request` object has a given content-type.","   *","   * ```js","   * expect(req).to.be.json;","   * expect(req).to.be.html;","   * expect(req).to.be.text;","   * ```","   *","   * @name json","   * @name html","   * @name text","   * @api public","   */","","  function checkContentType (name) {","    var val = contentTypes[name];","","    Assertion.addProperty(name, function () {","      new Assertion(this._obj).to.have.headers;","      var ct = getHeader(this._obj, 'content-type')","        , ins = i(ct) === 'undefined'","          ? 'headers'","          : i(ct);","","      this.assert(","          ct && ~ct.indexOf(val)","        , 'expected ' + ins + ' to include \\'' + val + '\\''","        , 'expected ' + ins + ' to not include \\'' + val + '\\''","      );","    });","  }","","  Object","    .keys(contentTypes)","    .forEach(checkContentType);","","  /**","   * ### .redirect","   *","   * Assert that a `Response` object has a redirect status code.","   *","   * ```js","   * expect(res).to.redirect;","   * ```","   *","   * @name redirect","   * @api public","   */","","  Assertion.addProperty('redirect', function() {","    var redirectCodes = [301, 302, 303]","      , status = this._obj.status","      , redirects = this._obj.redirects;","","    this.assert(","        redirectCodes.indexOf(status) >= 0 || redirects && redirects.length","      , \"expected redirect with 30{1-3} status code but got \" + status","      , \"expected not to redirect but got \" + status + \" status\"","    );","  });","","  /**","   * ### .redirectTo","   *","   * Assert that a `Response` object redirects to the supplied location.","   *","   * ```js","   * expect(res).to.redirectTo('http://example.com');","   * ```","   *","   * @param {String} location url","   * @name redirectTo","   * @api public","   */","","  Assertion.addMethod('redirectTo', function(destination) {","    var redirects = this._obj.redirects;","","    new Assertion(this._obj).to.redirect;","","    if(redirects && redirects.length) {","      this.assert(","        redirects.indexOf(destination) > -1","        , 'expected redirect to ' + destination + ' but got ' + redirects.join(' then ')","        , 'expected not to redirect to ' + destination + ' but got ' + redirects.join(' then ')","      );","    } else {","      var assertion = new Assertion(this._obj);","      _.transferFlags(this, assertion);","      assertion.with.header('location', destination);","    }","  });","","  /**","   * ### .param","   *","   * Assert that a `Request` object has a query string parameter with a given","   * key, (optionally) equal to value","   *","   * ```js","   * expect(req).to.have.param('orderby');","   * expect(req).to.have.param('orderby', 'date');","   * expect(req).to.not.have.param('limit');","   * ```","   *","   * @param {String} parameter name","   * @param {String} parameter value","   * @name param","   * @api public","   */","","  Assertion.addMethod('param', function(name, value) {","    var assertion = new Assertion();","    _.transferFlags(this, assertion);","    assertion._obj = qs.parse(url.parse(this._obj.url).query);","    assertion.property.apply(assertion, arguments);","  });","","  /**","   * ### .cookie","   *","   * Assert that a `Request` or `Response` object has a cookie header with a","   * given key, (optionally) equal to value","   *","   * ```js","   * expect(req).to.have.cookie('session_id');","   * expect(req).to.have.cookie('session_id', '1234');","   * expect(req).to.not.have.cookie('PHPSESSID');","   * expect(res).to.have.cookie('session_id');","   * expect(res).to.have.cookie('session_id', '1234');","   * expect(res).to.not.have.cookie('PHPSESSID');","   * ```","   *","   * @param {String} parameter name","   * @param {String} parameter value","   * @name param","   * @api public","   */","","  Assertion.addMethod('cookie', function (key, value) {","    var header = getHeader(this._obj, 'set-cookie')","      , cookie;","","    if (!header) {","       header = (getHeader(this._obj, 'cookie') || '').split(';');","    }","","    cookie = Cookie.CookieJar();","    cookie.setCookies(header);","    cookie = cookie.getCookie(key, new Cookie.CookieAccessInfo());","","    if (arguments.length === 2) {","      this.assert(","          cookie.value == value","        , 'expected cookie \\'' + key + '\\' to have value #{exp} but got #{act}'","        , 'expected cookie \\'' + key + '\\' to not have value #{exp}'","        , value","        , cookie.value","      );","    } else {","      this.assert(","          'undefined' !== typeof cookie || null === cookie","        , 'expected cookie \\'' + key + '\\' to exist'","        , 'expected cookie \\'' + key + '\\' to not exist'","      );","    }","  });","};",""],"l":{"14":1,"20":0,"21":0,"22":0,"23":0,"29":0,"36":0,"45":0,"59":1,"60":0,"61":0,"62":0,"79":0,"80":0,"81":0,"83":0,"117":0,"118":0,"120":0,"121":0,"126":0,"127":0,"135":0,"164":0,"165":0,"186":0,"187":0,"211":1,"212":0,"214":0,"215":0,"216":0,"221":0,"229":0,"246":0,"247":0,"251":0,"272":0,"273":0,"275":0,"277":0,"278":0,"284":0,"285":0,"286":0,"308":0,"309":0,"310":0,"311":0,"312":0,"336":0,"337":0,"340":0,"341":0,"344":0,"345":0,"346":0,"348":0,"349":0,"357":0}},"/home/travis/build/npmtest/node-npmtest-chai-http/node_modules/chai-http/lib/net.js":{"path":"/home/travis/build/npmtest/node-npmtest-chai-http/node_modules/chai-http/lib/net.js","s":{"1":1,"2":1,"3":1,"4":1},"b":{},"f":{},"fnMap":{},"statementMap":{"1":{"start":{"line":10,"column":0},"end":{"line":10,"column":28}},"2":{"start":{"line":12,"column":0},"end":{"line":12,"column":20}},"3":{"start":{"line":13,"column":0},"end":{"line":13,"column":25}},"4":{"start":{"line":14,"column":0},"end":{"line":14,"column":25}}},"branchMap":{},"code":["/*!"," * chai-http - request helper"," * Copyright(c) 2011-2012 Jake Luer <jake@alogicalparadox.com>"," * MIT Licensed"," */","","/*!"," * net.isIP shim for browsers"," */","var isIP = require('is-ip');","","exports.isIP = isIP;","exports.isIPv4 = isIP.v4;","exports.isIPv6 = isIP.v6;",""],"l":{"10":1,"12":1,"13":1,"14":1}},"/home/travis/build/npmtest/node-npmtest-chai-http/node_modules/chai-http/lib/request.js":{"path":"/home/travis/build/npmtest/node-npmtest-chai-http/node_modules/chai-http/lib/request.js","s":{"1":1,"2":1,"3":0,"4":0,"5":0,"6":0,"7":0,"8":0,"9":1,"10":1,"11":1,"12":1,"13":0,"14":0,"15":0,"16":1,"17":1,"18":0,"19":0,"20":0,"21":0,"22":0,"23":0,"24":0,"25":0,"26":0,"27":0,"28":1,"29":0,"30":0,"31":0,"32":0,"33":0,"34":0,"35":1,"36":1,"37":33,"38":0,"39":0,"40":0,"41":0,"42":0,"43":0,"44":0,"45":0,"46":0,"47":0,"48":0,"49":1},"b":{"1":[0,0],"2":[0,0],"3":[0,0],"4":[0,0],"5":[0,0],"6":[0,0],"7":[0,0],"8":[0,0],"9":[0,0],"10":[0,0],"11":[1,0],"12":[0,0]},"f":{"1":0,"2":0,"3":0,"4":0,"5":0,"6":0,"7":33,"8":0,"9":0,"10":0,"11":0},"fnMap":{"1":{"name":"(anonymous_1)","line":202,"loc":{"start":{"line":202,"column":17},"end":{"line":202,"column":32}}},"2":{"name":"(anonymous_2)","line":214,"loc":{"start":{"line":214,"column":18},"end":{"line":214,"column":36}}},"3":{"name":"(anonymous_3)","line":215,"loc":{"start":{"line":215,"column":18},"end":{"line":215,"column":34}}},"4":{"name":"Test","line":241,"loc":{"start":{"line":241,"column":0},"end":{"line":241,"column":34}}},"5":{"name":"serverAddress","line":248,"loc":{"start":{"line":248,"column":0},"end":{"line":248,"column":35}}},"6":{"name":"TestAgent","line":278,"loc":{"start":{"line":278,"column":0},"end":{"line":278,"column":24}}},"7":{"name":"(anonymous_7)","line":287,"loc":{"start":{"line":287,"column":16},"end":{"line":287,"column":32}}},"8":{"name":"(anonymous_8)","line":288,"loc":{"start":{"line":288,"column":32},"end":{"line":288,"column":45}}},"9":{"name":"(anonymous_9)","line":295,"loc":{"start":{"line":295,"column":25},"end":{"line":295,"column":40}}},"10":{"name":"(anonymous_10)","line":296,"loc":{"start":{"line":296,"column":25},"end":{"line":296,"column":40}}},"11":{"name":"(anonymous_11)","line":297,"loc":{"start":{"line":297,"column":25},"end":{"line":297,"column":37}}}},"statementMap":{"1":{"start":{"line":11,"column":0},"end":{"line":17,"column":27}},"2":{"start":{"line":202,"column":0},"end":{"line":222,"column":2}},"3":{"start":{"line":209,"column":2},"end":{"line":212,"column":15}},"4":{"start":{"line":214,"column":2},"end":{"line":218,"column":5}},"5":{"start":{"line":215,"column":4},"end":{"line":217,"column":6}},"6":{"start":{"line":216,"column":6},"end":{"line":216,"column":44}},"7":{"start":{"line":219,"column":2},"end":{"line":219,"column":23}},"8":{"start":{"line":221,"column":2},"end":{"line":221,"column":13}},"9":{"start":{"line":224,"column":0},"end":{"line":224,"column":27}},"10":{"start":{"line":225,"column":0},"end":{"line":225,"column":30}},"11":{"start":{"line":226,"column":0},"end":{"line":226,"column":33}},"12":{"start":{"line":241,"column":0},"end":{"line":245,"column":1}},"13":{"start":{"line":242,"column":2},"end":{"line":242,"column":35}},"14":{"start":{"line":243,"column":2},"end":{"line":243,"column":17}},"15":{"start":{"line":244,"column":2},"end":{"line":244,"column":77}},"16":{"start":{"line":246,"column":0},"end":{"line":246,"column":29}},"17":{"start":{"line":248,"column":0},"end":{"line":263,"column":1}},"18":{"start":{"line":249,"column":2},"end":{"line":251,"column":3}},"19":{"start":{"line":250,"column":4},"end":{"line":250,"column":22}},"20":{"start":{"line":252,"column":2},"end":{"line":252,"column":27}},"21":{"start":{"line":253,"column":2},"end":{"line":256,"column":3}},"22":{"start":{"line":254,"column":4},"end":{"line":254,"column":18}},"23":{"start":{"line":255,"column":4},"end":{"line":255,"column":25}},"24":{"start":{"line":257,"column":2},"end":{"line":257,"column":66}},"25":{"start":{"line":259,"column":2},"end":{"line":261,"column":3}},"26":{"start":{"line":260,"column":4},"end":{"line":260,"column":31}},"27":{"start":{"line":262,"column":2},"end":{"line":262,"column":66}},"28":{"start":{"line":278,"column":0},"end":{"line":283,"column":1}},"29":{"start":{"line":279,"column":2},"end":{"line":279,"column":62}},"30":{"start":{"line":279,"column":36},"end":{"line":279,"column":62}},"31":{"start":{"line":280,"column":2},"end":{"line":280,"column":62}},"32":{"start":{"line":280,"column":33},"end":{"line":280,"column":62}},"33":{"start":{"line":281,"column":2},"end":{"line":281,"column":32}},"34":{"start":{"line":282,"column":2},"end":{"line":282,"column":17}},"35":{"start":{"line":284,"column":0},"end":{"line":284,"column":43}},"36":{"start":{"line":287,"column":0},"end":{"line":309,"column":3}},"37":{"start":{"line":288,"column":2},"end":{"line":308,"column":4}},"38":{"start":{"line":289,"column":4},"end":{"line":290,"column":20}},"39":{"start":{"line":292,"column":4},"end":{"line":305,"column":5}},"40":{"start":{"line":295,"column":6},"end":{"line":295,"column":69}},"41":{"start":{"line":295,"column":42},"end":{"line":295,"column":65}},"42":{"start":{"line":296,"column":6},"end":{"line":296,"column":69}},"43":{"start":{"line":296,"column":42},"end":{"line":296,"column":65}},"44":{"start":{"line":297,"column":6},"end":{"line":297,"column":68}},"45":{"start":{"line":297,"column":39},"end":{"line":297,"column":64}},"46":{"start":{"line":298,"column":6},"end":{"line":298,"column":31}},"47":{"start":{"line":304,"column":6},"end":{"line":304,"column":28}},"48":{"start":{"line":307,"column":4},"end":{"line":307,"column":15}},"49":{"start":{"line":311,"column":0},"end":{"line":311,"column":53}}},"branchMap":{"1":{"line":209,"type":"cond-expr","locations":[{"start":{"line":210,"column":8},"end":{"line":210,"column":30}},{"start":{"line":211,"column":8},"end":{"line":211,"column":11}}]},"2":{"line":244,"type":"cond-expr","locations":[{"start":{"line":244,"column":39},"end":{"line":244,"column":49}},{"start":{"line":244,"column":52},"end":{"line":244,"column":76}}]},"3":{"line":249,"type":"if","locations":[{"start":{"line":249,"column":2},"end":{"line":249,"column":2}},{"start":{"line":249,"column":2},"end":{"line":249,"column":2}}]},"4":{"line":253,"type":"if","locations":[{"start":{"line":253,"column":2},"end":{"line":253,"column":2}},{"start":{"line":253,"column":2},"end":{"line":253,"column":2}}]},"5":{"line":257,"type":"cond-expr","locations":[{"start":{"line":257,"column":49},"end":{"line":257,"column":56}},{"start":{"line":257,"column":59},"end":{"line":257,"column":65}}]},"6":{"line":259,"type":"if","locations":[{"start":{"line":259,"column":2},"end":{"line":259,"column":2}},{"start":{"line":259,"column":2},"end":{"line":259,"column":2}}]},"7":{"line":259,"type":"binary-expr","locations":[{"start":{"line":259,"column":6},"end":{"line":259,"column":32}},{"start":{"line":259,"column":36},"end":{"line":259,"column":57}}]},"8":{"line":279,"type":"if","locations":[{"start":{"line":279,"column":2},"end":{"line":279,"column":2}},{"start":{"line":279,"column":2},"end":{"line":279,"column":2}}]},"9":{"line":280,"type":"if","locations":[{"start":{"line":280,"column":2},"end":{"line":280,"column":2}},{"start":{"line":280,"column":2},"end":{"line":280,"column":2}}]},"10":{"line":281,"type":"binary-expr","locations":[{"start":{"line":281,"column":3},"end":{"line":281,"column":8}},{"start":{"line":281,"column":12},"end":{"line":281,"column":19}}]},"11":{"line":284,"type":"binary-expr","locations":[{"start":{"line":284,"column":25},"end":{"line":284,"column":30}},{"start":{"line":284,"column":34},"end":{"line":284,"column":41}}]},"12":{"line":292,"type":"if","locations":[{"start":{"line":292,"column":4},"end":{"line":292,"column":4}},{"start":{"line":292,"column":4},"end":{"line":292,"column":4}}]}},"code":["/*!"," * chai-http - request helper"," * Copyright(c) 2011-2012 Jake Luer <jake@alogicalparadox.com>"," * MIT Licensed"," */","","/*!"," * Module dependancies"," */","","var http = require('http')","  , https = require('https')","  , methods = require('methods')","  , superagent = require('superagent')","  , Agent = superagent.agent","  , Request = superagent.Request","  , util = require('util');","","/**"," * ## Integration Testing"," *"," * Chai HTTP provides an interface for live integration"," * testing via [superagent](https://github.com/visionmedia/superagent)."," * To do this, you must first"," * construct a request to an application or url."," *"," * Upon construction you are provided a chainable api that"," * allows you to specify the http VERB request (get, post, etc)"," * that you wish to invoke."," *"," * #### Application / Server"," *"," * You may use a function (such as an express or connect app)"," * or a node.js http(s) server as the foundation for your request."," * If the server is not running, chai-http will find a suitable"," * port to listen on for a given test."," *"," * __Note:__ This feature is only supported on Node.js, not in web browsers."," *"," * ```js"," * chai.request(app)"," *   .get('/')"," * ```"," *"," * #### URL"," *"," * You may also use a base url as the foundation of your request."," *"," * ```js"," * chai.request('http://localhost:8080')"," *   .get('/')"," * ```"," *"," * #### Setting up requests"," *"," * Once a request is created with a given VERB, it can have headers, form data,"," * json, or even file attachments added to it, all with a simple API:"," *"," * ```js"," * // Send some JSON"," * chai.request(app)"," *   .put('/user/me')"," *   .set('X-API-Key', 'foobar')"," *   .send({ password: '123', confirmPassword: '123' })"," * ```"," *"," * ```js"," * // Send some Form Data"," * chai.request(app)"," *   .post('/user/me')"," *   .field('_method', 'put')"," *   .field('password', '123')"," *   .field('confirmPassword', '123')"," * ```"," *"," * ```js"," * // Attach a file"," * chai.request(app)"," *   .post('/user/avatar')"," *   .attach('imageField', fs.readFileSync('avatar.png'), 'avatar.png')"," * ```"," *"," * ```js"," * // Authenticate with Basic authentication"," * chai.request(app)"," *   .get('/protected')"," *   .auth('user', 'pass')"," * ```"," *"," * ```js"," * // Chain some GET query parameters"," * chai.request(app)"," *   .get('/search')"," *   .query({name: 'foo', limit: 10}) // /search?name=foo&limit=10"," * ```"," *"," * #### Dealing with the response - traditional"," *"," * To make the request and assert on its response, the `end` method can be used:"," *"," * ```js"," * chai.request(app)"," *   .put('/user/me')"," *   .send({ password: '123', confirmPassword: '123' })"," *   .end(function (err, res) {"," *      expect(err).to.be.null;"," *      expect(res).to.have.status(200);"," *   });"," * ```"," * ##### Caveat"," * Because the `end` function is passed a callback, assertions are run"," * asynchronously. Therefore, a mechanism must be used to notify the testing"," * framework that the callback has completed. Otherwise, the test will pass before"," * the assertions are checked."," *"," * For example, in the [Mocha test framework](http://mochajs.org/), this is"," * accomplished using the"," * [`done` callback](https://mochajs.org/#asynchronous-code), which signal that the"," * callback has completed, and the assertions can be verified:"," *"," * ```js"," * it('fails, as expected', function(done) { // <= Pass in done callback"," *   chai.request('http://localhost:8080')"," *   .get('/')"," *   .end(function(err, res) {"," *     expect(res).to.have.status(123);"," *     done();                               // <= Call done to signal callback end"," *   });"," * }) ;"," *"," * it('succeeds silently!', function() {   // <= No done callback"," *   chai.request('http://localhost:8080')"," *   .get('/')"," *   .end(function(err, res) {"," *     expect(res).to.have.status(123);    // <= Test completes before this runs"," *   });"," * }) ;"," * ```"," *"," * When `done` is passed in, Mocha will wait until the call to `done()`, or until"," * the [timeout](http://mochajs.org/#timeouts) expires. `done` also accepts an"," * error parameter when signaling completion."," *"," * #### Dealing with the response - Promises"," *"," * If `Promise` is available, `request()` becomes a Promise capable library -"," * and chaining of `then`s becomes possible:"," *"," * ```js"," * chai.request(app)"," *   .put('/user/me')"," *   .send({ password: '123', confirmPassword: '123' })"," *   .then(function (res) {"," *      expect(res).to.have.status(200);"," *   })"," *   .catch(function (err) {"," *      throw err;"," *   })"," * ```"," *"," * __Note:__ Node.js version 0.10.x and some older web browsers do not have"," * native promise support. You can use any promise library, such as"," * [es6-promise](https://github.com/jakearchibald/es6-promise) or"," * [kriskowal/q](https://github.com/kriskowal/q) and call the `addPromise`"," * method to use that library with Chai HTTP. For example:"," *"," * ```js"," * var chai = require('chai');"," * chai.use(require('chai-http'));"," *"," * // Add promise support if this does not exist natively."," * if (!global.Promise) {"," *   var q = require('q');"," *   chai.request.addPromises(q.Promise);"," * }"," * ```"," *"," * #### Retaining cookies with each request"," *"," * Sometimes you need to keep cookies from one request, and send them with the"," * next. For this, `.request.agent()` is available:"," *"," * ```js"," * // Log in"," * var agent = chai.request.agent(app)"," * agent"," *   .post('/session')"," *   .send({ username: 'me', password: '123' })"," *   .then(function (res) {"," *     expect(res).to.have.cookie('sessionid');"," *     // The `agent` now has the sessionid cookie saved, and will send it"," *     // back to the server in the next request:"," *     return agent.get('/user/me')"," *       .then(function (res) {"," *          expect(res).to.have.status(200);"," *       })"," *   })"," * ```"," *"," */","","module.exports = function (app) {","","  /*!","   * @param {Mixed} function or server","   * @returns {Object} API","   */","","  var server = ('function' === typeof app)","      ? http.createServer(app)","      : app","    , obj = {};","","  methods.forEach(function (method) {","    obj[method] = function (path) {","      return new Test(server, method, path);","    };","  });","  obj.del = obj.delete;","","  return obj;","};","","module.exports.Test = Test;","module.exports.Request = Test;","module.exports.agent = TestAgent;","","/*!"," * Test"," *"," * An extension of superagent.Request,"," * this provides the same chainable api"," * as superagent so all things can be modified."," *"," * @param {Object|String} server, app, or url"," * @param {String} method"," * @param {String} path"," * @api private"," */","","function Test (app, method, path) {","  Request.call(this, method, path);","  this.app = app;","  this.url = typeof app === 'string' ? app + path : serverAddress(app, path);","}","util.inherits(Test, Request);","","function serverAddress (app, path) {","  if ('string' === typeof app) {","    return app + path;","  }","  var addr = app.address();","  if (!addr) {","    app.listen(0);","    addr = app.address();","  }","  var protocol = (app instanceof https.Server) ? 'https' : 'http';","  // If address is \"unroutable\" IPv4/6 address, then set to localhost","  if (addr.address === '0.0.0.0' || addr.address === '::') {","    addr.address = '127.0.0.1';","  }","  return protocol + '://' + addr.address + ':' + addr.port + path;","}","","","/*!"," * agent"," *"," * Follows the same API as superagent.Request,"," * but allows persisting of cookies between requests."," *"," * @param {Object|String} server, app, or url"," * @param {String} method"," * @param {String} path"," * @api private"," */","","function TestAgent(app) {","  if (!(this instanceof TestAgent)) return new TestAgent(app);","  if (typeof app === 'function') app = http.createServer(app);","  (Agent || Request).call(this);","  this.app = app;","}","util.inherits(TestAgent, Agent || Request);","","// override HTTP verb methods","methods.forEach(function(method){","  TestAgent.prototype[method] = function(url){","    var req = new Test(this.app, method, url)","      , self = this;","","    if (Agent) {","      // When running in Node, cookies are managed via","      // `Agent._saveCookies()` and `Agent._attachCookies()`.","      req.on('response', function (res) { self._saveCookies(res); });","      req.on('redirect', function (res) { self._saveCookies(res); });","      req.on('redirect', function () { self._attachCookies(req); });","      this._attachCookies(req);","    }","    else {","      // When running in a web browser, cookies are managed via `Request.withCredentials()`.","      // The browser will attach cookies based on same-origin policy.","      // https://tools.ietf.org/html/rfc6454#section-3","      req.withCredentials();","    }","","    return req;","  };","});","","TestAgent.prototype.del = TestAgent.prototype.delete;",""],"l":{"11":1,"202":1,"209":0,"214":0,"215":0,"216":0,"219":0,"221":0,"224":1,"225":1,"226":1,"241":1,"242":0,"243":0,"244":0,"246":1,"248":1,"249":0,"250":0,"252":0,"253":0,"254":0,"255":0,"257":0,"259":0,"260":0,"262":0,"278":1,"279":0,"280":0,"281":0,"282":0,"284":1,"287":1,"288":33,"289":0,"292":0,"295":0,"296":0,"297":0,"298":0,"304":0,"307":0,"311":1}}}